2023-02-28 00:20:45,675 INFO [main] emailservice.EmailServiceApplication:55 Starting EmailServiceApplication using Java 19.0.2 on Karol with PID 9580 (C:\Users\karol\Desktop\email_sender-main (3)\email_sender-main\spring-boot-email-sender-main\target\classes started by karol in C:\Users\karol\Desktop\email_sender-main (3))
2023-02-28 00:20:45,678 INFO [main] emailservice.EmailServiceApplication:635 No active profile set, falling back to default profiles: default
2023-02-28 00:20:46,072 INFO [main] org.springframework.data.repository.config.RepositoryConfigurationDelegate:132 Bootstrapping Spring Data JPA repositories in DEFAULT mode.
2023-02-28 00:20:46,113 INFO [main] org.springframework.data.repository.config.RepositoryConfigurationDelegate:201 Finished Spring Data repository scanning in 32 ms. Found 2 JPA repository interfaces.
2023-02-28 00:20:46,530 INFO [main] org.springframework.boot.web.embedded.tomcat.TomcatWebServer:108 Tomcat initialized with port(s): 8080 (http)
2023-02-28 00:20:46,537 INFO [main] org.apache.coyote.http11.Http11NioProtocol:173 Initializing ProtocolHandler ["http-nio-8080"]
2023-02-28 00:20:46,537 INFO [main] org.apache.catalina.core.StandardService:173 Starting service [Tomcat]
2023-02-28 00:20:46,538 INFO [main] org.apache.catalina.core.StandardEngine:173 Starting Servlet engine: [Apache Tomcat/9.0.56]
2023-02-28 00:20:46,600 INFO [main] org.apache.catalina.core.ContainerBase.[Tomcat].[localhost].[/]:173 Initializing Spring embedded WebApplicationContext
2023-02-28 00:20:46,600 INFO [main] org.springframework.boot.web.servlet.context.ServletWebServerApplicationContext:290 Root WebApplicationContext: initialization completed in 889 ms
2023-02-28 00:20:46,748 INFO [main] com.zaxxer.hikari.HikariDataSource:110 HikariPool-1 - Starting...
2023-02-28 00:20:46,956 INFO [main] com.zaxxer.hikari.HikariDataSource:123 HikariPool-1 - Start completed.
2023-02-28 00:20:46,998 INFO [main] org.hibernate.jpa.internal.util.LogHelper:31 HHH000204: Processing PersistenceUnitInfo [name: default]
2023-02-28 00:20:47,033 INFO [main] org.hibernate.Version:44 HHH000412: Hibernate ORM core version 5.5.7.Final
2023-02-28 00:20:47,172 INFO [main] org.hibernate.annotations.common.Version:56 HCANN000001: Hibernate Commons Annotations {5.1.2.Final}
2023-02-28 00:20:47,243 INFO [main] org.hibernate.dialect.Dialect:175 HHH000400: Using dialect: org.hibernate.dialect.MySQL8Dialect
2023-02-28 00:20:47,614 INFO [main] org.hibernate.engine.transaction.jta.platform.internal.JtaPlatformInitiator:52 HHH000490: Using JtaPlatform implementation: [org.hibernate.engine.transaction.jta.platform.internal.NoJtaPlatform]
2023-02-28 00:20:47,620 INFO [main] org.springframework.orm.jpa.LocalContainerEntityManagerFactoryBean:437 Initialized JPA EntityManagerFactory for persistence unit 'default'
2023-02-28 00:20:48,537 INFO [main] org.apache.coyote.http11.Http11NioProtocol:173 Starting ProtocolHandler ["http-nio-8080"]
2023-02-28 00:20:48,550 INFO [main] org.springframework.boot.web.embedded.tomcat.TomcatWebServer:220 Tomcat started on port(s): 8080 (http) with context path ''
2023-02-28 00:20:48,557 INFO [main] emailservice.EmailServiceApplication:61 Started EmailServiceApplication in 3.119 seconds (JVM running for 3.67)
2023-02-28 00:20:56,353 INFO [SpringApplicationShutdownHook] org.springframework.orm.jpa.LocalContainerEntityManagerFactoryBean:651 Closing JPA EntityManagerFactory for persistence unit 'default'
2023-02-28 00:20:56,355 INFO [SpringApplicationShutdownHook] com.zaxxer.hikari.HikariDataSource:350 HikariPool-1 - Shutdown initiated...
2023-02-28 00:20:56,360 INFO [SpringApplicationShutdownHook] com.zaxxer.hikari.HikariDataSource:352 HikariPool-1 - Shutdown completed.
2023-02-28 00:20:58,418 INFO [main] emailservice.EmailServiceApplication:55 Starting EmailServiceApplication using Java 19.0.2 on Karol with PID 11068 (C:\Users\karol\Desktop\email_sender-main (3)\email_sender-main\spring-boot-email-sender-main\target\classes started by karol in C:\Users\karol\Desktop\email_sender-main (3))
2023-02-28 00:20:58,426 INFO [main] emailservice.EmailServiceApplication:635 No active profile set, falling back to default profiles: default
2023-02-28 00:20:58,806 INFO [main] org.springframework.data.repository.config.RepositoryConfigurationDelegate:132 Bootstrapping Spring Data JPA repositories in DEFAULT mode.
2023-02-28 00:20:58,844 INFO [main] org.springframework.data.repository.config.RepositoryConfigurationDelegate:201 Finished Spring Data repository scanning in 31 ms. Found 2 JPA repository interfaces.
2023-02-28 00:20:59,237 INFO [main] org.springframework.boot.web.embedded.tomcat.TomcatWebServer:108 Tomcat initialized with port(s): 8080 (http)
2023-02-28 00:20:59,243 INFO [main] org.apache.coyote.http11.Http11NioProtocol:173 Initializing ProtocolHandler ["http-nio-8080"]
2023-02-28 00:20:59,244 INFO [main] org.apache.catalina.core.StandardService:173 Starting service [Tomcat]
2023-02-28 00:20:59,244 INFO [main] org.apache.catalina.core.StandardEngine:173 Starting Servlet engine: [Apache Tomcat/9.0.56]
2023-02-28 00:20:59,304 INFO [main] org.apache.catalina.core.ContainerBase.[Tomcat].[localhost].[/]:173 Initializing Spring embedded WebApplicationContext
2023-02-28 00:20:59,305 INFO [main] org.springframework.boot.web.servlet.context.ServletWebServerApplicationContext:290 Root WebApplicationContext: initialization completed in 849 ms
2023-02-28 00:20:59,455 INFO [main] com.zaxxer.hikari.HikariDataSource:110 HikariPool-1 - Starting...
2023-02-28 00:20:59,654 INFO [main] com.zaxxer.hikari.HikariDataSource:123 HikariPool-1 - Start completed.
2023-02-28 00:20:59,690 INFO [main] org.hibernate.jpa.internal.util.LogHelper:31 HHH000204: Processing PersistenceUnitInfo [name: default]
2023-02-28 00:20:59,721 INFO [main] org.hibernate.Version:44 HHH000412: Hibernate ORM core version 5.5.7.Final
2023-02-28 00:20:59,838 INFO [main] org.hibernate.annotations.common.Version:56 HCANN000001: Hibernate Commons Annotations {5.1.2.Final}
2023-02-28 00:20:59,911 INFO [main] org.hibernate.dialect.Dialect:175 HHH000400: Using dialect: org.hibernate.dialect.MySQL8Dialect
2023-02-28 00:21:00,252 INFO [main] org.hibernate.engine.transaction.jta.platform.internal.JtaPlatformInitiator:52 HHH000490: Using JtaPlatform implementation: [org.hibernate.engine.transaction.jta.platform.internal.NoJtaPlatform]
2023-02-28 00:21:00,257 INFO [main] org.springframework.orm.jpa.LocalContainerEntityManagerFactoryBean:437 Initialized JPA EntityManagerFactory for persistence unit 'default'
2023-02-28 00:21:01,122 INFO [main] org.apache.coyote.http11.Http11NioProtocol:173 Starting ProtocolHandler ["http-nio-8080"]
2023-02-28 00:21:01,135 INFO [main] org.springframework.boot.web.embedded.tomcat.TomcatWebServer:220 Tomcat started on port(s): 8080 (http) with context path ''
2023-02-28 00:21:01,142 INFO [main] emailservice.EmailServiceApplication:61 Started EmailServiceApplication in 2.954 seconds (JVM running for 3.532)
2023-02-28 00:21:02,044 INFO [http-nio-8080-exec-1] org.apache.catalina.core.ContainerBase.[Tomcat].[localhost].[/]:173 Initializing Spring DispatcherServlet 'dispatcherServlet'
2023-02-28 00:21:02,045 INFO [http-nio-8080-exec-1] org.springframework.web.servlet.DispatcherServlet:525 Initializing Servlet 'dispatcherServlet'
2023-02-28 00:21:02,046 INFO [http-nio-8080-exec-1] org.springframework.web.servlet.DispatcherServlet:547 Completed initialization in 1 ms
