2023-02-28 12:01:07,476 INFO [main] emailservice.EmailServiceApplication:55 Starting EmailServiceApplication using Java 19.0.2 on Karol with PID 23248 (C:\Users\karol\Desktop\email_sender-main (3)\email_sender-main\spring-boot-email-sender-main\target\classes started by karol in C:\Users\karol\Desktop\email_sender-main (3))
2023-02-28 12:01:07,478 INFO [main] emailservice.EmailServiceApplication:635 No active profile set, falling back to default profiles: default
2023-02-28 12:01:07,863 INFO [main] org.springframework.data.repository.config.RepositoryConfigurationDelegate:132 Bootstrapping Spring Data JPA repositories in DEFAULT mode.
2023-02-28 12:01:07,898 INFO [main] org.springframework.data.repository.config.RepositoryConfigurationDelegate:201 Finished Spring Data repository scanning in 30 ms. Found 2 JPA repository interfaces.
2023-02-28 12:01:08,304 INFO [main] org.springframework.boot.web.embedded.tomcat.TomcatWebServer:108 Tomcat initialized with port(s): 8080 (http)
2023-02-28 12:01:08,313 INFO [main] org.apache.coyote.http11.Http11NioProtocol:173 Initializing ProtocolHandler ["http-nio-8080"]
2023-02-28 12:01:08,313 INFO [main] org.apache.catalina.core.StandardService:173 Starting service [Tomcat]
2023-02-28 12:01:08,314 INFO [main] org.apache.catalina.core.StandardEngine:173 Starting Servlet engine: [Apache Tomcat/9.0.56]
2023-02-28 12:01:08,376 INFO [main] org.apache.catalina.core.ContainerBase.[Tomcat].[localhost].[/]:173 Initializing Spring embedded WebApplicationContext
2023-02-28 12:01:08,376 INFO [main] org.springframework.boot.web.servlet.context.ServletWebServerApplicationContext:290 Root WebApplicationContext: initialization completed in 865 ms
2023-02-28 12:01:08,517 INFO [main] com.zaxxer.hikari.HikariDataSource:110 HikariPool-1 - Starting...
2023-02-28 12:01:08,757 INFO [main] com.zaxxer.hikari.HikariDataSource:123 HikariPool-1 - Start completed.
2023-02-28 12:01:08,796 INFO [main] org.hibernate.jpa.internal.util.LogHelper:31 HHH000204: Processing PersistenceUnitInfo [name: default]
2023-02-28 12:01:08,828 INFO [main] org.hibernate.Version:44 HHH000412: Hibernate ORM core version 5.5.7.Final
2023-02-28 12:01:08,974 INFO [main] org.hibernate.annotations.common.Version:56 HCANN000001: Hibernate Commons Annotations {5.1.2.Final}
2023-02-28 12:01:09,076 INFO [main] org.hibernate.dialect.Dialect:175 HHH000400: Using dialect: org.hibernate.dialect.MySQL8Dialect
2023-02-28 12:01:09,609 INFO [main] org.hibernate.engine.transaction.jta.platform.internal.JtaPlatformInitiator:52 HHH000490: Using JtaPlatform implementation: [org.hibernate.engine.transaction.jta.platform.internal.NoJtaPlatform]
2023-02-28 12:01:09,617 INFO [main] org.springframework.orm.jpa.LocalContainerEntityManagerFactoryBean:437 Initialized JPA EntityManagerFactory for persistence unit 'default'
2023-02-28 12:01:10,455 INFO [main] org.apache.coyote.http11.Http11NioProtocol:173 Starting ProtocolHandler ["http-nio-8080"]
2023-02-28 12:01:10,468 INFO [main] org.springframework.boot.web.embedded.tomcat.TomcatWebServer:220 Tomcat started on port(s): 8080 (http) with context path ''
2023-02-28 12:01:10,476 INFO [main] emailservice.EmailServiceApplication:61 Started EmailServiceApplication in 3.227 seconds (JVM running for 3.751)
2023-02-28 12:01:28,367 INFO [SpringApplicationShutdownHook] org.springframework.orm.jpa.LocalContainerEntityManagerFactoryBean:651 Closing JPA EntityManagerFactory for persistence unit 'default'
2023-02-28 12:01:28,368 INFO [SpringApplicationShutdownHook] com.zaxxer.hikari.HikariDataSource:350 HikariPool-1 - Shutdown initiated...
2023-02-28 12:01:28,374 INFO [SpringApplicationShutdownHook] com.zaxxer.hikari.HikariDataSource:352 HikariPool-1 - Shutdown completed.
2023-02-28 12:01:30,756 INFO [main] emailservice.EmailServiceApplication:55 Starting EmailServiceApplication using Java 19.0.2 on Karol with PID 16408 (C:\Users\karol\Desktop\email_sender-main (3)\email_sender-main\spring-boot-email-sender-main\target\classes started by karol in C:\Users\karol\Desktop\email_sender-main (3))
2023-02-28 12:01:30,762 INFO [main] emailservice.EmailServiceApplication:635 No active profile set, falling back to default profiles: default
2023-02-28 12:01:31,189 INFO [main] org.springframework.data.repository.config.RepositoryConfigurationDelegate:132 Bootstrapping Spring Data JPA repositories in DEFAULT mode.
2023-02-28 12:01:31,223 INFO [main] org.springframework.data.repository.config.RepositoryConfigurationDelegate:201 Finished Spring Data repository scanning in 29 ms. Found 2 JPA repository interfaces.
2023-02-28 12:01:31,636 INFO [main] org.springframework.boot.web.embedded.tomcat.TomcatWebServer:108 Tomcat initialized with port(s): 8080 (http)
2023-02-28 12:01:31,643 INFO [main] org.apache.coyote.http11.Http11NioProtocol:173 Initializing ProtocolHandler ["http-nio-8080"]
2023-02-28 12:01:31,643 INFO [main] org.apache.catalina.core.StandardService:173 Starting service [Tomcat]
2023-02-28 12:01:31,643 INFO [main] org.apache.catalina.core.StandardEngine:173 Starting Servlet engine: [Apache Tomcat/9.0.56]
2023-02-28 12:01:31,706 INFO [main] org.apache.catalina.core.ContainerBase.[Tomcat].[localhost].[/]:173 Initializing Spring embedded WebApplicationContext
2023-02-28 12:01:31,707 INFO [main] org.springframework.boot.web.servlet.context.ServletWebServerApplicationContext:290 Root WebApplicationContext: initialization completed in 911 ms
2023-02-28 12:01:31,843 INFO [main] com.zaxxer.hikari.HikariDataSource:110 HikariPool-1 - Starting...
2023-02-28 12:01:32,062 INFO [main] com.zaxxer.hikari.HikariDataSource:123 HikariPool-1 - Start completed.
2023-02-28 12:01:32,103 INFO [main] org.hibernate.jpa.internal.util.LogHelper:31 HHH000204: Processing PersistenceUnitInfo [name: default]
2023-02-28 12:01:32,137 INFO [main] org.hibernate.Version:44 HHH000412: Hibernate ORM core version 5.5.7.Final
2023-02-28 12:01:32,251 INFO [main] org.hibernate.annotations.common.Version:56 HCANN000001: Hibernate Commons Annotations {5.1.2.Final}
2023-02-28 12:01:32,326 INFO [main] org.hibernate.dialect.Dialect:175 HHH000400: Using dialect: org.hibernate.dialect.MySQL8Dialect
2023-02-28 12:01:32,678 INFO [main] org.hibernate.engine.transaction.jta.platform.internal.JtaPlatformInitiator:52 HHH000490: Using JtaPlatform implementation: [org.hibernate.engine.transaction.jta.platform.internal.NoJtaPlatform]
2023-02-28 12:01:32,684 INFO [main] org.springframework.orm.jpa.LocalContainerEntityManagerFactoryBean:437 Initialized JPA EntityManagerFactory for persistence unit 'default'
2023-02-28 12:01:33,513 INFO [main] org.apache.coyote.http11.Http11NioProtocol:173 Starting ProtocolHandler ["http-nio-8080"]
2023-02-28 12:01:33,524 INFO [main] org.springframework.boot.web.embedded.tomcat.TomcatWebServer:220 Tomcat started on port(s): 8080 (http) with context path ''
2023-02-28 12:01:33,531 INFO [main] emailservice.EmailServiceApplication:61 Started EmailServiceApplication in 3.023 seconds (JVM running for 3.519)
2023-02-28 12:09:05,656 INFO [SpringApplicationShutdownHook] org.springframework.orm.jpa.LocalContainerEntityManagerFactoryBean:651 Closing JPA EntityManagerFactory for persistence unit 'default'
2023-02-28 12:09:05,657 INFO [SpringApplicationShutdownHook] com.zaxxer.hikari.HikariDataSource:350 HikariPool-1 - Shutdown initiated...
2023-02-28 12:09:05,662 INFO [SpringApplicationShutdownHook] com.zaxxer.hikari.HikariDataSource:352 HikariPool-1 - Shutdown completed.
